# JRE version: Java(TM) SE Runtime Environment (21.0.10+8) (build 21.0.10+8-LTS-217)
# Java VM: Java HotSpot(TM) 64-Bit Server VM (21.0.10+8-LTS-217, mixed mode, sharing, tiered, compressed oops, compressed class ptrs, g1 gc, windows-amd64)
GC Precious Log:
 CardTable entry size: 512
 Card Set container configuration: InlinePtr #cards 5 size 8 Array Of Cards #cards 12 size 40 Howl #buckets 4 coarsen threshold 1843 Howl Bitmap #cards 512 size 80 coarsen threshold 460 Card regions per heap region 1 cards per card region 2048
 CPUs: 8 total, 8 available
 Memory: 16179M
 Large Page Support: Disabled
 NUMA Support: Disabled
 Compressed Oops: Enabled (32-bit)
 Heap Region Size: 1M
 Heap Min Capacity: 256M
 Heap Initial Capacity: 256M
 Heap Max Capacity: 512M
 Pre-touch: Disabled
 Parallel Workers: 8
 Concurrent Workers: 2
 Concurrent Refinement Workers: 8
 Periodic GC: Disabled
Heap:
 garbage-first heap   total 266240K, used 157113K [0x00000000e0000000, 0x0000000100000000)
  region size 1024K, 19 young (19456K), 9 survivors (9216K)
 Metaspace       used 99427K, committed 103680K, reserved 458752K
  class space    used 12896K, committed 14592K, reserved 327680K
GC Heap History (20 events):
Event: 340.202 GC heap before
{Heap before GC invocations=18 (full 0):
 garbage-first heap   total 262144K, used 216405K [0x00000000e0000000, 0x0000000100000000)
  region size 1024K, 113 young (115712K), 13 survivors (13312K)
 Metaspace       used 87686K, committed 90240K, reserved 458752K
  class space    used 11591K, committed 12864K, reserved 327680K
}
Event: 340.209 GC heap after
{Heap after GC invocations=19 (full 0):
 garbage-first heap   total 262144K, used 117467K [0x00000000e0000000, 0x0000000100000000)
  region size 1024K, 4 young (4096K), 4 survivors (4096K)
 Metaspace       used 87686K, committed 90240K, reserved 458752K
  class space    used 11591K, committed 12864K, reserved 327680K
}
Event: 341.805 GC heap before
{Heap before GC invocations=19 (full 0):
 garbage-first heap   total 262144K, used 223963K [0x00000000e0000000, 0x0000000100000000)
  region size 1024K, 108 young (110592K), 4 survivors (4096K)
 Metaspace       used 90352K, committed 92864K, reserved 458752K
  class space    used 11871K, committed 13120K, reserved 327680K
}
Event: 341.811 GC heap after
{Heap after GC invocations=20 (full 0):
 garbage-first heap   total 262144K, used 119808K [0x00000000e0000000, 0x0000000100000000)
  region size 1024K, 7 young (7168K), 7 survivors (7168K)
 Metaspace       used 90352K, committed 92864K, reserved 458752K
  class space    used 11871K, committed 13120K, reserved 327680K
}
Event: 343.117 GC heap before
{Heap before GC invocations=20 (full 0):
 garbage-first heap   total 262144K, used 232448K [0x00000000e0000000, 0x0000000100000000)
  region size 1024K, 114 young (116736K), 7 survivors (7168K)
 Metaspace       used 91844K, committed 94336K, reserved 458752K
  class space    used 12018K, committed 13248K, reserved 327680K
}
Event: 343.130 GC heap after
{Heap after GC invocations=21 (full 0):
 garbage-first heap   total 266240K, used 147234K [0x00000000e0000000, 0x0000000100000000)
  region size 1024K, 15 young (15360K), 15 survivors (15360K)
 Metaspace       used 91844K, committed 94336K, reserved 458752K
  class space    used 12018K, committed 13248K, reserved 327680K
}
Event: 343.893 GC heap before
{Heap before GC invocations=22 (full 0):
 garbage-first heap   total 266240K, used 229154K [0x00000000e0000000, 0x0000000100000000)
  region size 1024K, 94 young (96256K), 15 survivors (15360K)
 Metaspace       used 91971K, committed 94528K, reserved 458752K
  class space    used 12021K, committed 13312K, reserved 327680K
}
Event: 343.907 GC heap after
{Heap after GC invocations=23 (full 0):
 garbage-first heap   total 266240K, used 158744K [0x00000000e0000000, 0x0000000100000000)
  region size 1024K, 9 young (9216K), 9 survivors (9216K)
 Metaspace       used 91971K, committed 94528K, reserved 458752K
  class space    used 12021K, committed 13312K, reserved 327680K
}
Event: 344.467 GC heap before
{Heap before GC invocations=23 (full 0):
 garbage-first heap   total 266240K, used 232472K [0x00000000e0000000, 0x0000000100000000)
  region size 1024K, 81 young (82944K), 9 survivors (9216K)
 Metaspace       used 92091K, committed 94656K, reserved 458752K
  class space    used 12022K, committed 13312K, reserved 327680K
}
Event: 344.477 GC heap after
{Heap after GC invocations=24 (full 0):
 garbage-first heap   total 266240K, used 147314K [0x00000000e0000000, 0x0000000100000000)
  region size 1024K, 2 young (2048K), 2 survivors (2048K)
 Metaspace       used 92091K, committed 94656K, reserved 458752K
  class space    used 12022K, committed 13312K, reserved 327680K
}
Event: 364.395 GC heap before
{Heap before GC invocations=24 (full 0):
 garbage-first heap   total 266240K, used 230258K [0x00000000e0000000, 0x0000000100000000)
  region size 1024K, 84 young (86016K), 2 survivors (2048K)
 Metaspace       used 92692K, committed 95296K, reserved 458752K
  class space    used 12080K, committed 13376K, reserved 327680K
}
Event: 364.398 GC heap after
{Heap after GC invocations=25 (full 0):
 garbage-first heap   total 266240K, used 146261K [0x00000000e0000000, 0x0000000100000000)
  region size 1024K, 3 young (3072K), 3 survivors (3072K)
 Metaspace       used 92692K, committed 95296K, reserved 458752K
  class space    used 12080K, committed 13376K, reserved 327680K
}
Event: 393.240 GC heap before
{Heap before GC invocations=26 (full 0):
 garbage-first heap   total 266240K, used 252757K [0x00000000e0000000, 0x0000000100000000)
  region size 1024K, 89 young (91136K), 3 survivors (3072K)
 Metaspace       used 93865K, committed 96448K, reserved 458752K
  class space    used 12432K, committed 13696K, reserved 327680K
}
Event: 393.247 GC heap after
{Heap after GC invocations=27 (full 0):
 garbage-first heap   total 266240K, used 174871K [0x00000000e0000000, 0x0000000100000000)
  region size 1024K, 12 young (12288K), 12 survivors (12288K)
 Metaspace       used 93865K, committed 96448K, reserved 458752K
  class space    used 12432K, committed 13696K, reserved 327680K
}
Event: 393.692 GC heap before
{Heap before GC invocations=27 (full 0):
 garbage-first heap   total 266240K, used 240407K [0x00000000e0000000, 0x0000000100000000)
  region size 1024K, 76 young (77824K), 12 survivors (12288K)
 Metaspace       used 93904K, committed 96448K, reserved 458752K
  class space    used 12435K, committed 13696K, reserved 327680K
}
Event: 393.704 GC heap after
{Heap after GC invocations=28 (full 0):
 garbage-first heap   total 266240K, used 152733K [0x00000000e0000000, 0x0000000100000000)
  region size 1024K, 2 young (2048K), 2 survivors (2048K)
 Metaspace       used 93904K, committed 96448K, reserved 458752K
  class space    used 12435K, committed 13696K, reserved 327680K
}
Event: 395.096 GC heap before
{Heap before GC invocations=28 (full 0):
 garbage-first heap   total 266240K, used 237725K [0x00000000e0000000, 0x0000000100000000)
  region size 1024K, 86 young (88064K), 2 survivors (2048K)
 Metaspace       used 96674K, committed 99264K, reserved 458752K
  class space    used 12752K, committed 14016K, reserved 327680K
}
Event: 395.106 GC heap after
{Heap after GC invocations=29 (full 0):
 garbage-first heap   total 266240K, used 145629K [0x00000000e0000000, 0x0000000100000000)
  region size 1024K, 6 young (6144K), 6 survivors (6144K)
 Metaspace       used 96674K, committed 99264K, reserved 458752K
  class space    used 12752K, committed 14016K, reserved 327680K
}
Event: 396.303 GC heap before
{Heap before GC invocations=29 (full 0):
 garbage-first heap   total 266240K, used 234717K [0x00000000e0000000, 0x0000000100000000)
  region size 1024K, 94 young (96256K), 6 survivors (6144K)
 Metaspace       used 100470K, committed 103168K, reserved 458752K
  class space    used 13252K, committed 14528K, reserved 327680K
}
Event: 396.310 GC heap after
{Heap after GC invocations=30 (full 0):
 garbage-first heap   total 266240K, used 148921K [0x00000000e0000000, 0x0000000100000000)
  region size 1024K, 9 young (9216K), 9 survivors (9216K)
 Metaspace       used 100470K, committed 103168K, reserved 458752K
  class space    used 13252K, committed 14528K, reserved 327680K
}

